{"meta": {"format": 3, "version": "7.15.2", "timestamp": "2026-07-27T16:48:04.800536", "branch_coverage": false, "show_contexts": true}, "files": {"minirepo.py": {"executed_lines": [4, 5, 6, 9, 10], "summary": {"covered_lines": 5, "num_statements": 5, "percent_covered": 100.0, "percent_covered_display": "100", "missing_lines": 0, "excluded_lines": 0, "percent_statements_covered": 100.0, "percent_statements_covered_display": "100"}, "missing_lines": [], "excluded_lines": [], "contexts": {"1": [""], "4": [""], "9": [""], "5": ["test_minirepo.test_parse_range_wide", "test_minirepo.test_parse_range_basic", "test_golden.test_golden_render_matches_expected"], "6": ["test_minirepo.test_parse_range_wide", "test_minirepo.test_parse_range_basic", "test_golden.test_golden_render_matches_expected"], "10": ["test_minirepo.test_clamp_bounds"]}, "functions": {"parse_range": {"executed_lines": [5, 6], "summary": {"covered_lines": 2, "num_statements": 2, "percent_covered": 100.0, "percent_covered_display": "100", "missing_lines": 0, "excluded_lines": 0, "percent_statements_covered": 100.0, "percent_statements_covered_display": "100"}, "missing_lines": [], "excluded_lines": [], "start_line": 4, "contexts": {"1": [""], "4": [""], "9": [""], "5": ["test_minirepo.test_parse_range_wide", "test_minirepo.test_parse_range_basic", "test_golden.test_golden_render_matches_expected"], "6": ["test_minirepo.test_parse_range_wide", "test_minirepo.test_parse_range_basic", "test_golden.test_golden_render_matches_expected"], "10": ["test_minirepo.test_clamp_bounds"]}}, "clamp": {"executed_lines": [10], "summary": {"covered_lines": 1, "num_statements": 1, "percent_covered": 100.0, "percent_covered_display": "100", "missing_lines": 0, "excluded_lines": 0, "percent_statements_covered": 100.0, "percent_statements_covered_display": "100"}, "missing_lines": [], "excluded_lines": [], "start_line": 9, "contexts": {"1": [""], "4": [""], "9": [""], "5": ["test_minirepo.test_parse_range_wide", "test_minirepo.test_parse_range_basic", "test_golden.test_golden_render_matches_expected"], "6": ["test_minirepo.test_parse_range_wide", "test_minirepo.test_parse_range_basic", "test_golden.test_golden_render_matches_expected"], "10": ["test_minirepo.test_clamp_bounds"]}}, "": {"executed_lines": [4, 9], "summary": {"covered_lines": 2, "num_statements": 2, "percent_covered": 100.0, "percent_covered_display": "100", "missing_lines": 0, "excluded_lines": 0, "percent_statements_covered": 100.0, "percent_statements_covered_display": "100"}, "missing_lines": [], "excluded_lines": [], "start_line": 1, "contexts": {"1": [""], "4": [""], "9": [""], "5": ["test_minirepo.test_parse_range_wide", "test_minirepo.test_parse_range_basic", "test_golden.test_golden_render_matches_expected"], "6": ["test_minirepo.test_parse_range_wide", "test_minirepo.test_parse_range_basic", "test_golden.test_golden_render_matches_expected"], "10": ["test_minirepo.test_clamp_bounds"]}}}, "classes": {"": {"executed_lines": [4, 5, 6, 9, 10], "summary": {"covered_lines": 5, "num_statements": 5, "percent_covered": 100.0, "percent_covered_display": "100", "missing_lines": 0, "excluded_lines": 0, "percent_statements_covered": 100.0, "percent_statements_covered_display": "100"}, "missing_lines": [], "excluded_lines": [], "start_line": 1, "contexts": {"1": [""], "4": [""], "9": [""], "5": ["test_minirepo.test_parse_range_wide", "test_minirepo.test_parse_range_basic", "test_golden.test_golden_render_matches_expected"], "6": ["test_minirepo.test_parse_range_wide", "test_minirepo.test_parse_range_basic", "test_golden.test_golden_render_matches_expected"], "10": ["test_minirepo.test_clamp_bounds"]}}}}, "tests/test_minirepo.py": {"executed_lines": [1, 4, 5, 8, 9, 12, 13, 14, 15], "summary": {"covered_lines": 9, "num_statements": 9, "percent_covered": 100.0, "percent_covered_display": "100", "missing_lines": 0, "excluded_lines": 0, "percent_statements_covered": 100.0, "percent_statements_covered_display": "100"}, "missing_lines": [], "excluded_lines": [], "contexts": {"1": [""], "4": [""], "8": [""], "12": [""], "5": ["test_minirepo.test_parse_range_basic"], "9": ["test_minirepo.test_parse_range_wide"], "13": ["test_minirepo.test_clamp_bounds"], "14": ["test_minirepo.test_clamp_bounds"], "15": ["test_minirepo.test_clamp_bounds"]}, "functions": {"test_parse_range_basic": {"executed_lines": [5], "summary": {"covered_lines": 1, "num_statements": 1, "percent_covered": 100.0, "percent_covered_display": "100", "missing_lines": 0, "excluded_lines": 0, "percent_statements_covered": 100.0, "percent_statements_covered_display": "100"}, "missing_lines": [], "excluded_lines": [], "start_line": 4, "contexts": {"1": [""], "4": [""], "8": [""], "12": [""], "5": ["test_minirepo.test_parse_range_basic"], "9": ["test_minirepo.test_parse_range_wide"], "13": ["test_minirepo.test_clamp_bounds"], "14": ["test_minirepo.test_clamp_bounds"], "15": ["test_minirepo.test_clamp_bounds"]}}, "test_parse_range_wide": {"executed_lines": [9], "summary": {"covered_lines": 1, "num_statements": 1, "percent_covered": 100.0, "percent_covered_display": "100", "missing_lines": 0, "excluded_lines": 0, "percent_statements_covered": 100.0, "percent_statements_covered_display": "100"}, "missing_lines": [], "excluded_lines": [], "start_line": 8, "contexts": {"1": [""], "4": [""], "8": [""], "12": [""], "5": ["test_minirepo.test_parse_range_basic"], "9": ["test_minirepo.test_parse_range_wide"], "13": ["test_minirepo.test_clamp_bounds"], "14": ["test_minirepo.test_clamp_bounds"], "15": ["test_minirepo.test_clamp_bounds"]}}, "test_clamp_bounds": {"executed_lines": [13, 14, 15], "summary": {"covered_lines": 3, "num_statements": 3, "percent_covered": 100.0, "percent_covered_display": "100", "missing_lines": 0, "excluded_lines": 0, "percent_statements_covered": 100.0, "percent_statements_covered_display": "100"}, "missing_lines": [], "excluded_lines": [], "start_line": 12, "contexts": {"1": [""], "4": [""], "8": [""], "12": [""], "5": ["test_minirepo.test_parse_range_basic"], "9": ["test_minirepo.test_parse_range_wide"], "13": ["test_minirepo.test_clamp_bounds"], "14": ["test_minirepo.test_clamp_bounds"], "15": ["test_minirepo.test_clamp_bounds"]}}, "": {"executed_lines": [1, 4, 8, 12], "summary": {"covered_lines": 4, "num_statements": 4, "percent_covered": 100.0, "percent_covered_display": "100", "missing_lines": 0, "excluded_lines": 0, "percent_statements_covered": 100.0, "percent_statements_covered_display": "100"}, "missing_lines": [], "excluded_lines": [], "start_line": 1, "contexts": {"1": [""], "4": [""], "8": [""], "12": [""], "5": ["test_minirepo.test_parse_range_basic"], "9": ["test_minirepo.test_parse_range_wide"], "13": ["test_minirepo.test_clamp_bounds"], "14": ["test_minirepo.test_clamp_bounds"], "15": ["test_minirepo.test_clamp_bounds"]}}}, "classes": {"": {"executed_lines": [1, 4, 5, 8, 9, 12, 13, 14, 15], "summary": {"covered_lines": 9, "num_statements": 9, "percent_covered": 100.0, "percent_covered_display": "100", "missing_lines": 0, "excluded_lines": 0, "percent_statements_covered": 100.0, "percent_statements_covered_display": "100"}, "missing_lines": [], "excluded_lines": [], "start_line": 1, "contexts": {"1": [""], "4": [""], "8": [""], "12": [""], "5": ["test_minirepo.test_parse_range_basic"], "9": ["test_minirepo.test_parse_range_wide"], "13": ["test_minirepo.test_clamp_bounds"], "14": ["test_minirepo.test_clamp_bounds"], "15": ["test_minirepo.test_clamp_bounds"]}}}}}, "totals": {"covered_lines": 14, "num_statements": 14, "percent_covered": 100.0, "percent_covered_display": "100", "missing_lines": 0, "excluded_lines": 0, "percent_statements_covered": 100.0, "percent_statements_covered_display": "100"}}