<?xml version="1.0" encoding="utf-8"?><testsuites name="pytest tests"><testsuite name="pytest" errors="1" failures="0" skipped="0" tests="15" time="0.018" timestamp="2026-07-26T23:29:39.809934-04:00" hostname=""><testcase classname="" name="tests.test_broken" file="tests/test_broken.py" time="0.000"><error message="collection failure">ImportError while importing test module '/private/tmp/skeptic-t5-capture/click/tests/test_broken.py'.
Hint: make sure your test modules/packages have valid Python names.
Traceback:
/opt/homebrew/Cellar/python@3.12/3.12.13_4/Frameworks/Python.framework/Versions/3.12/lib/python3.12/importlib/__init__.py:90: in import_module
    return _bootstrap._gcd_import(name[level:], package, level)
           ^^^^^^^^^^^^^^^^^^^^^^^^^^^^^^^^^^^^^^^^^^^^^^^^^^^^
tests/test_broken.py:1: in &lt;module&gt;
    from no_such_module_at_all import thing  # noqa: F401
    ^^^^^^^^^^^^^^^^^^^^^^^^^^^^^^^^^^^^^^^
E   ModuleNotFoundError: No module named 'no_such_module_at_all'</error></testcase><testcase classname="tests.test_utils.test_make_default_short_help" name="test_make_default_short_help[-empty]" file="tests/test_utils/test_make_default_short_help.py" line="5" time="0.000" /><testcase classname="tests.test_utils.test_make_default_short_help" name="test_make_default_short_help[-equal length, no dot]" file="tests/test_utils/test_make_default_short_help.py" line="5" time="0.000" /><testcase classname="tests.test_utils.test_make_default_short_help" name="test_make_default_short_help[-sentence &lt; max]" file="tests/test_utils/test_make_default_short_help.py" line="5" time="0.000" /><testcase classname="tests.test_utils.test_make_default_short_help" name="test_make_default_short_help[-paragraph &lt; max]" file="tests/test_utils/test_make_default_short_help.py" line="5" time="0.000" /><testcase classname="tests.test_utils.test_make_default_short_help" name="test_make_default_short_help[-truncate]" file="tests/test_utils/test_make_default_short_help.py" line="5" time="0.000" /><testcase classname="tests.test_utils.test_make_default_short_help" name="test_make_default_short_help[-length includes suffix]" file="tests/test_utils/test_make_default_short_help.py" line="5" time="0.000" /><testcase classname="tests.test_utils.test_make_default_short_help" name="test_make_default_short_help[-ignore dot in word]" file="tests/test_utils/test_make_default_short_help.py" line="5" time="0.000" /><testcase classname="tests.test_utils.test_make_default_short_help" name="test_make_default_short_help[no-wrap mark-empty]" file="tests/test_utils/test_make_default_short_help.py" line="5" time="0.000" /><testcase classname="tests.test_utils.test_make_default_short_help" name="test_make_default_short_help[no-wrap mark-equal length, no dot]" file="tests/test_utils/test_make_default_short_help.py" line="5" time="0.000" /><testcase classname="tests.test_utils.test_make_default_short_help" name="test_make_default_short_help[no-wrap mark-sentence &lt; max]" file="tests/test_utils/test_make_default_short_help.py" line="5" time="0.000" /><testcase classname="tests.test_utils.test_make_default_short_help" name="test_make_default_short_help[no-wrap mark-paragraph &lt; max]" file="tests/test_utils/test_make_default_short_help.py" line="5" time="0.000" /><testcase classname="tests.test_utils.test_make_default_short_help" name="test_make_default_short_help[no-wrap mark-truncate]" file="tests/test_utils/test_make_default_short_help.py" line="5" time="0.000" /><testcase classname="tests.test_utils.test_make_default_short_help" name="test_make_default_short_help[no-wrap mark-length includes suffix]" file="tests/test_utils/test_make_default_short_help.py" line="5" time="0.000" /><testcase classname="tests.test_utils.test_make_default_short_help" name="test_make_default_short_help[no-wrap mark-ignore dot in word]" file="tests/test_utils/test_make_default_short_help.py" line="5" time="0.000" /></testsuite></testsuites>