<?xml version="1.0" encoding="utf-8"?><testsuites name="pytest tests"><testsuite name="pytest" errors="0" failures="0" skipped="2" tests="4" time="0.013" timestamp="2026-07-26T23:26:06.384795-04:00" hostname=""><testcase classname="tests.test_marks" name="test_skipped" file="tests/test_marks.py" line="3" time="0.000"><skipped type="pytest.skip" message="captured skip">/private/tmp/skeptic-t5-capture/minirepo-marks/tests/test_marks.py:4: captured skip</skipped></testcase><testcase classname="tests.test_marks" name="test_xfailed" file="tests/test_marks.py" line="8" time="0.000"><skipped type="pytest.xfail" message="captured xfail" /></testcase><testcase classname="tests.test_marks" name="test_xpassed" file="tests/test_marks.py" line="13" time="0.000" /><testcase classname="tests.test_marks" name="test_plain" file="tests/test_marks.py" line="18" time="0.000" /></testsuite></testsuites>